<?xml version="1.0" encoding="UTF-8" ?>
<testsuite tests="152" failures="0" name="edu.uclm.esi.iso2.multas.TestMultas" time="69.665" errors="0" skipped="0">
  <properties>
    <property name="java.runtime.name" value="Java(TM) SE Runtime Environment"/>
    <property name="sun.boot.library.path" value="C:\Program Files\Java\jdk1.8.0_111\jre\bin"/>
    <property name="java.vm.version" value="25.111-b14"/>
    <property name="java.vm.vendor" value="Oracle Corporation"/>
    <property name="maven.multiModuleProjectDirectory" value="C:\Users\charj\Custom-Code-Project-I\DGT"/>
    <property name="java.vendor.url" value="http://java.oracle.com/"/>
    <property name="path.separator" value=";"/>
    <property name="guice.disable.misplaced.annotation.check" value="true"/>
    <property name="java.vm.name" value="Java HotSpot(TM) 64-Bit Server VM"/>
    <property name="file.encoding.pkg" value="sun.io"/>
    <property name="user.script" value=""/>
    <property name="user.country" value="ES"/>
    <property name="sun.java.launcher" value="SUN_STANDARD"/>
    <property name="sun.os.patch.level" value=""/>
    <property name="java.vm.specification.name" value="Java Virtual Machine Specification"/>
    <property name="user.dir" value="C:\Users\charj\Custom-Code-Project-I\DGT"/>
    <property name="java.runtime.version" value="1.8.0_111-b14"/>
    <property name="java.awt.graphicsenv" value="sun.awt.Win32GraphicsEnvironment"/>
    <property name="java.endorsed.dirs" value="C:\Program Files\Java\jdk1.8.0_111\jre\lib\endorsed"/>
    <property name="os.arch" value="amd64"/>
    <property name="java.io.tmpdir" value="C:\Users\charj\AppData\Local\Temp\"/>
    <property name="line.separator" value="
"/>
    <property name="java.vm.specification.vendor" value="Oracle Corporation"/>
    <property name="user.variant" value=""/>
    <property name="os.name" value="Windows 10"/>
    <property name="classworlds.conf" value="C:\Users\charj\workspace\.metadata\.plugins\org.eclipse.m2e.launching\launches\m2conf7425139999365804652.tmp"/>
    <property name="sun.jnu.encoding" value="Cp1252"/>
    <property name="java.library.path" value="C:\Program Files\Java\jdk1.8.0_111\bin;C:\WINDOWS\Sun\Java\bin;C:\WINDOWS\system32;C:\WINDOWS;C:/Program Files/Java/jre1.8.0_111/bin/server;C:/Program Files/Java/jre1.8.0_111/bin;C:/Program Files/Java/jre1.8.0_111/lib/amd64;C:\ProgramData\Oracle\Java\javapath;C:\Windows\system32;C:\Windows;C:\Windows\System32\Wbem;C:\Windows\System32\WindowsPowerShell\v1.0\;C:\Program Files (x86)\NVIDIA Corporation\PhysX\Common;C:\WINDOWS\system32\config\systemprofile\.dnx\bin;C:\Program Files\Microsoft DNX\Dnvm\;C:\Program Files\Microsoft SQL Server\120\Tools\Binn\;C:\Program Files\Microsoft SQL Server\130\Tools\Binn\;C:\Program Files (x86)\Windows Kits\10\Windows Performance Toolkit\;C:\Program Files (x86)\Microsoft Emulator Manager\1.0\;C:\Program Files (x86)\nodejs\;C:\Program Files\Git\cmd;C:\Program Files (x86)\MiKTeX 2.9\miktex\bin\;C:\Program Files (x86)\LyX 2.2\Perl\bin;C:\WINDOWS\system32;C:\WINDOWS;C:\WINDOWS\System32\Wbem;C:\WINDOWS\System32\WindowsPowerShell\v1.0\;C:\Program Files\MySQL\MySQL Utilities 1.6\;C:\Program Files\Intel\WiFi\bin\;C:\Program Files\Common Files\Intel\WirelessCommon\;C:\Program Files (x86)\Skype\Phone\;C:\Program Files\Java\jdk1.7.0_79\bin;C:\Program Files\Intel\WiFi\bin\;C:\Program Files\Common Files\Intel\WirelessCommon\;C:\Users\charj\AppData\Roaming\npm;C:\Users\charj\AppData\Local\Microsoft\WindowsApps;C:\Users\charj\AppData\Roaming\MiKTeX\2.9\miktex\bin\;C:\Program Files (x86)\apache-maven-3.3.9\bin;C:\WINDOWS\System32;;."/>
    <property name="java.specification.name" value="Java Platform API Specification"/>
    <property name="java.class.version" value="52.0"/>
    <property name="sun.management.compiler" value="HotSpot 64-Bit Tiered Compilers"/>
    <property name="os.version" value="10.0"/>
    <property name="user.home" value="C:\Users\charj"/>
    <property name="user.timezone" value="Europe/Paris"/>
    <property name="java.awt.printerjob" value="sun.awt.windows.WPrinterJob"/>
    <property name="java.specification.version" value="1.8"/>
    <property name="file.encoding" value="UTF-8"/>
    <property name="user.name" value="charj"/>
    <property name="java.class.path" value="/C:/Users/charj/eclipse/jee-mars/eclipse/../../../.p2/pool/plugins/org.eclipse.m2e.maven.runtime_1.6.2.20150902-0001/jars/plexus-classworlds-2.5.2.jar"/>
    <property name="java.vm.specification.version" value="1.8"/>
    <property name="sun.arch.data.model" value="64"/>
    <property name="java.home" value="C:\Program Files\Java\jdk1.8.0_111\jre"/>
    <property name="sun.java.command" value="org.codehaus.plexus.classworlds.launcher.Launcher -B clean install assembly:single site"/>
    <property name="java.specification.vendor" value="Oracle Corporation"/>
    <property name="user.language" value="es"/>
    <property name="awt.toolkit" value="sun.awt.windows.WToolkit"/>
    <property name="java.vm.info" value="mixed mode"/>
    <property name="java.version" value="1.8.0_111"/>
    <property name="java.ext.dirs" value="C:\Program Files\Java\jdk1.8.0_111\jre\lib\ext;C:\WINDOWS\Sun\Java\lib\ext"/>
    <property name="sun.boot.class.path" value="C:\Program Files\Java\jdk1.8.0_111\jre\lib\resources.jar;C:\Program Files\Java\jdk1.8.0_111\jre\lib\rt.jar;C:\Program Files\Java\jdk1.8.0_111\jre\lib\sunrsasign.jar;C:\Program Files\Java\jdk1.8.0_111\jre\lib\jsse.jar;C:\Program Files\Java\jdk1.8.0_111\jre\lib\jce.jar;C:\Program Files\Java\jdk1.8.0_111\jre\lib\charsets.jar;C:\Program Files\Java\jdk1.8.0_111\jre\lib\jfr.jar;C:\Program Files\Java\jdk1.8.0_111\jre\classes"/>
    <property name="java.vendor" value="Oracle Corporation"/>
    <property name="maven.home" value="C:\Users\charj\Custom-Code-Project-I\DGT\EMBEDDED"/>
    <property name="file.separator" value="\"/>
    <property name="java.vendor.url.bug" value="http://bugreport.sun.com/bugreport/"/>
    <property name="sun.cpu.endian" value="little"/>
    <property name="sun.io.unicode.encoding" value="UnicodeLittle"/>
    <property name="sun.desktop" value="windows"/>
    <property name="sun.cpu.isalist" value="amd64"/>
  </properties>
  <testcase classname="edu.uclm.esi.iso2.multas.TestMultas" name="testCambiarPropietario" time="0.633"/>
  <testcase classname="edu.uclm.esi.iso2.multas.TestMultas" name="test30_30" time="0.401"/>
  <testcase classname="edu.uclm.esi.iso2.multas.TestMultas" name="test31_30" time="0.464"/>
  <testcase classname="edu.uclm.esi.iso2.multas.TestMultas" name="test40_30" time="1.13"/>
  <testcase classname="edu.uclm.esi.iso2.multas.TestMultas" name="test40_40" time="0.418"/>
  <testcase classname="edu.uclm.esi.iso2.multas.TestMultas" name="test41_40" time="0.647"/>
  <testcase classname="edu.uclm.esi.iso2.multas.TestMultas" name="test50_30" time="0.492"/>
  <testcase classname="edu.uclm.esi.iso2.multas.TestMultas" name="test50_40" time="0.449"/>
  <testcase classname="edu.uclm.esi.iso2.multas.TestMultas" name="test50_50" time="0.421"/>
  <testcase classname="edu.uclm.esi.iso2.multas.TestMultas" name="test51_30" time="0.389"/>
  <testcase classname="edu.uclm.esi.iso2.multas.TestMultas" name="test51_50" time="0.743"/>
  <testcase classname="edu.uclm.esi.iso2.multas.TestMultas" name="test55_30" time="0.408"/>
  <testcase classname="edu.uclm.esi.iso2.multas.TestMultas" name="test60_30" time="0.401"/>
  <testcase classname="edu.uclm.esi.iso2.multas.TestMultas" name="test60_40" time="0.393"/>
  <testcase classname="edu.uclm.esi.iso2.multas.TestMultas" name="test60_50" time="0.459"/>
  <testcase classname="edu.uclm.esi.iso2.multas.TestMultas" name="test60_60" time="0.426"/>
  <testcase classname="edu.uclm.esi.iso2.multas.TestMultas" name="test61_30" time="0.321"/>
  <testcase classname="edu.uclm.esi.iso2.multas.TestMultas" name="test61_40" time="0.373"/>
  <testcase classname="edu.uclm.esi.iso2.multas.TestMultas" name="test61_60" time="0.519"/>
  <testcase classname="edu.uclm.esi.iso2.multas.TestMultas" name="test65_30" time="0.713"/>
  <testcase classname="edu.uclm.esi.iso2.multas.TestMultas" name="test65_40" time="0.616"/>
  <testcase classname="edu.uclm.esi.iso2.multas.TestMultas" name="test70_30" time="0.451"/>
  <testcase classname="edu.uclm.esi.iso2.multas.TestMultas" name="test70_40" time="0.531"/>
  <testcase classname="edu.uclm.esi.iso2.multas.TestMultas" name="test70_50" time="0.588"/>
  <testcase classname="edu.uclm.esi.iso2.multas.TestMultas" name="test70_70" time="0.558"/>
  <testcase classname="edu.uclm.esi.iso2.multas.TestMultas" name="test71_40" time="0.388"/>
  <testcase classname="edu.uclm.esi.iso2.multas.TestMultas" name="test71_50" time="0.716"/>
  <testcase classname="edu.uclm.esi.iso2.multas.TestMultas" name="test71_70" time="0.382"/>
  <testcase classname="edu.uclm.esi.iso2.multas.TestMultas" name="test75_30" time="0.632"/>
  <testcase classname="edu.uclm.esi.iso2.multas.TestMultas" name="test75_40" time="0.385"/>
  <testcase classname="edu.uclm.esi.iso2.multas.TestMultas" name="test75_50" time="0.387"/>
  <testcase classname="edu.uclm.esi.iso2.multas.TestMultas" name="test75_60" time="0.391"/>
  <testcase classname="edu.uclm.esi.iso2.multas.TestMultas" name="test80_30" time="0.344"/>
  <testcase classname="edu.uclm.esi.iso2.multas.TestMultas" name="test80_40" time="0.344"/>
  <testcase classname="edu.uclm.esi.iso2.multas.TestMultas" name="test80_50" time="0.585"/>
  <testcase classname="edu.uclm.esi.iso2.multas.TestMultas" name="test80_80" time="0.608"/>
  <testcase classname="edu.uclm.esi.iso2.multas.TestMultas" name="test81_30" time="0.43"/>
  <testcase classname="edu.uclm.esi.iso2.multas.TestMultas" name="test81_40" time="0.692"/>
  <testcase classname="edu.uclm.esi.iso2.multas.TestMultas" name="test81_50" time="0.332"/>
  <testcase classname="edu.uclm.esi.iso2.multas.TestMultas" name="test81_80" time="0.375"/>
  <testcase classname="edu.uclm.esi.iso2.multas.TestMultas" name="test85_40" time="0.476"/>
  <testcase classname="edu.uclm.esi.iso2.multas.TestMultas" name="test85_50" time="0.813"/>
  <testcase classname="edu.uclm.esi.iso2.multas.TestMultas" name="test85_70" time="0.368"/>
  <testcase classname="edu.uclm.esi.iso2.multas.TestMultas" name="test90_40" time="0.375"/>
  <testcase classname="edu.uclm.esi.iso2.multas.TestMultas" name="test90_50" time="0.433"/>
  <testcase classname="edu.uclm.esi.iso2.multas.TestMultas" name="test90_60" time="0.372"/>
  <testcase classname="edu.uclm.esi.iso2.multas.TestMultas" name="test90_80" time="0.375"/>
  <testcase classname="edu.uclm.esi.iso2.multas.TestMultas" name="test90_90" time="0.36"/>
  <testcase classname="edu.uclm.esi.iso2.multas.TestMultas" name="test91_40" time="0.341"/>
  <testcase classname="edu.uclm.esi.iso2.multas.TestMultas" name="test91_50" time="0.425"/>
  <testcase classname="edu.uclm.esi.iso2.multas.TestMultas" name="test91_60" time="0.501"/>
  <testcase classname="edu.uclm.esi.iso2.multas.TestMultas" name="test91_90" time="0.423"/>
  <testcase classname="edu.uclm.esi.iso2.multas.TestMultas" name="test95_50" time="0.417"/>
  <testcase classname="edu.uclm.esi.iso2.multas.TestMultas" name="tes71_30" time="0.341"/>
  <testcase classname="edu.uclm.esi.iso2.multas.TestMultas" name="test100_100" time="0.338"/>
  <testcase classname="edu.uclm.esi.iso2.multas.TestMultas" name="test101_100" time="0.449"/>
  <testcase classname="edu.uclm.esi.iso2.multas.TestMultas" name="test110_110" time="0.43"/>
  <testcase classname="edu.uclm.esi.iso2.multas.TestMultas" name="test111_110" time="0.436"/>
  <testcase classname="edu.uclm.esi.iso2.multas.TestMultas" name="test115_100" time="0.663"/>
  <testcase classname="edu.uclm.esi.iso2.multas.TestMultas" name="test120_120" time="0.375"/>
  <testcase classname="edu.uclm.esi.iso2.multas.TestMultas" name="test121_120" time="0.336"/>
  <testcase classname="edu.uclm.esi.iso2.multas.TestMultas" name="test125_110" time="0.349"/>
  <testcase classname="edu.uclm.esi.iso2.multas.TestMultas" name="test130_100" time="0.406"/>
  <testcase classname="edu.uclm.esi.iso2.multas.TestMultas" name="test131_100" time="0.359"/>
  <testcase classname="edu.uclm.esi.iso2.multas.TestMultas" name="test135_120" time="0.419"/>
  <testcase classname="edu.uclm.esi.iso2.multas.TestMultas" name="test140_100" time="0.453"/>
  <testcase classname="edu.uclm.esi.iso2.multas.TestMultas" name="test140_110" time="0.478"/>
  <testcase classname="edu.uclm.esi.iso2.multas.TestMultas" name="test141_110" time="0.379"/>
  <testcase classname="edu.uclm.esi.iso2.multas.TestMultas" name="test150_100" time="0.36"/>
  <testcase classname="edu.uclm.esi.iso2.multas.TestMultas" name="test150_110" time="0.433"/>
  <testcase classname="edu.uclm.esi.iso2.multas.TestMultas" name="test150_120" time="0.35"/>
  <testcase classname="edu.uclm.esi.iso2.multas.TestMultas" name="test151_100" time="0.299"/>
  <testcase classname="edu.uclm.esi.iso2.multas.TestMultas" name="test151_120" time="0.725"/>
  <testcase classname="edu.uclm.esi.iso2.multas.TestMultas" name="test155_100" time="0.517"/>
  <testcase classname="edu.uclm.esi.iso2.multas.TestMultas" name="test160_100" time="0.591"/>
  <testcase classname="edu.uclm.esi.iso2.multas.TestMultas" name="test160_110" time="0.332"/>
  <testcase classname="edu.uclm.esi.iso2.multas.TestMultas" name="test160_120" time="0.361"/>
  <testcase classname="edu.uclm.esi.iso2.multas.TestMultas" name="test161_100" time="0.381"/>
  <testcase classname="edu.uclm.esi.iso2.multas.TestMultas" name="test161_110" time="0.676"/>
  <testcase classname="edu.uclm.esi.iso2.multas.TestMultas" name="test165_100" time="0.367"/>
  <testcase classname="edu.uclm.esi.iso2.multas.TestMultas" name="test165_110" time="0.448"/>
  <testcase classname="edu.uclm.esi.iso2.multas.TestMultas" name="test170_100" time="0.328"/>
  <testcase classname="edu.uclm.esi.iso2.multas.TestMultas" name="test170_110" time="0.299"/>
  <testcase classname="edu.uclm.esi.iso2.multas.TestMultas" name="test170_120" time="0.522"/>
  <testcase classname="edu.uclm.esi.iso2.multas.TestMultas" name="test171_100" time="0.333"/>
  <testcase classname="edu.uclm.esi.iso2.multas.TestMultas" name="test171_110" time="0.316"/>
  <testcase classname="edu.uclm.esi.iso2.multas.TestMultas" name="test171_120" time="0.642"/>
  <testcase classname="edu.uclm.esi.iso2.multas.TestMultas" name="test175_110" time="0.418"/>
  <testcase classname="edu.uclm.esi.iso2.multas.TestMultas" name="test175_120" time="0.442"/>
  <testcase classname="edu.uclm.esi.iso2.multas.TestMultas" name="test180_100" time="0.416"/>
  <testcase classname="edu.uclm.esi.iso2.multas.TestMultas" name="test180_110" time="0.416"/>
  <testcase classname="edu.uclm.esi.iso2.multas.TestMultas" name="test180_120" time="0.5"/>
  <testcase classname="edu.uclm.esi.iso2.multas.TestMultas" name="test181_110" time="0.841"/>
  <testcase classname="edu.uclm.esi.iso2.multas.TestMultas" name="test181_120" time="0.358"/>
  <testcase classname="edu.uclm.esi.iso2.multas.TestMultas" name="test185_120" time="0.574"/>
  <testcase classname="edu.uclm.esi.iso2.multas.TestMultas" name="test190_110" time="0.358"/>
  <testcase classname="edu.uclm.esi.iso2.multas.TestMultas" name="test190_120" time="0.39"/>
  <testcase classname="edu.uclm.esi.iso2.multas.TestMultas" name="test191_120" time="0.441"/>
  <testcase classname="edu.uclm.esi.iso2.multas.TestMultas" name="test100_30" time="0.477"/>
  <testcase classname="edu.uclm.esi.iso2.multas.TestMultas" name="test100_40" time="0.409"/>
  <testcase classname="edu.uclm.esi.iso2.multas.TestMultas" name="test100_50" time="0.466"/>
  <testcase classname="edu.uclm.esi.iso2.multas.TestMultas" name="test100_60" time="0.875"/>
  <testcase classname="edu.uclm.esi.iso2.multas.TestMultas" name="test100_70" time="0.357"/>
  <testcase classname="edu.uclm.esi.iso2.multas.TestMultas" name="test101_50" time="0.423"/>
  <testcase classname="edu.uclm.esi.iso2.multas.TestMultas" name="test101_70" time="0.461"/>
  <testcase classname="edu.uclm.esi.iso2.multas.TestMultas" name="test105_90" time="0.343"/>
  <testcase classname="edu.uclm.esi.iso2.multas.TestMultas" name="test110_50" time="0.426"/>
  <testcase classname="edu.uclm.esi.iso2.multas.TestMultas" name="test110_60" time="0.392"/>
  <testcase classname="edu.uclm.esi.iso2.multas.TestMultas" name="test110_70" time="0.496"/>
  <testcase classname="edu.uclm.esi.iso2.multas.TestMultas" name="test110_80" time="0.685"/>
  <testcase classname="edu.uclm.esi.iso2.multas.TestMultas" name="test111_60" time="0.425"/>
  <testcase classname="edu.uclm.esi.iso2.multas.TestMultas" name="test111_80" time="0.364"/>
  <testcase classname="edu.uclm.esi.iso2.multas.TestMultas" name="test115_60" time="0.377"/>
  <testcase classname="edu.uclm.esi.iso2.multas.TestMultas" name="test120_60" time="0.484"/>
  <testcase classname="edu.uclm.esi.iso2.multas.TestMultas" name="test120_70" time="0.417"/>
  <testcase classname="edu.uclm.esi.iso2.multas.TestMultas" name="test120_80" time="0.73"/>
  <testcase classname="edu.uclm.esi.iso2.multas.TestMultas" name="test120_90" time="0.41"/>
  <testcase classname="edu.uclm.esi.iso2.multas.TestMultas" name="test121_60" time="0.418"/>
  <testcase classname="edu.uclm.esi.iso2.multas.TestMultas" name="test121_70" time="0.4"/>
  <testcase classname="edu.uclm.esi.iso2.multas.TestMultas" name="test121_90" time="0.399"/>
  <testcase classname="edu.uclm.esi.iso2.multas.TestMultas" name="test125_60" time="0.393"/>
  <testcase classname="edu.uclm.esi.iso2.multas.TestMultas" name="test125_70" time="0.364"/>
  <testcase classname="edu.uclm.esi.iso2.multas.TestMultas" name="test130_60" time="0.618"/>
  <testcase classname="edu.uclm.esi.iso2.multas.TestMultas" name="test130_70" time="0.367"/>
  <testcase classname="edu.uclm.esi.iso2.multas.TestMultas" name="test130_80" time="0.501"/>
  <testcase classname="edu.uclm.esi.iso2.multas.TestMultas" name="test130_90" time="0.533"/>
  <testcase classname="edu.uclm.esi.iso2.multas.TestMultas" name="test131_60" time="0.415"/>
  <testcase classname="edu.uclm.esi.iso2.multas.TestMultas" name="test131_70" time="0.381"/>
  <testcase classname="edu.uclm.esi.iso2.multas.TestMultas" name="test131_80" time="0.275"/>
  <testcase classname="edu.uclm.esi.iso2.multas.TestMultas" name="test135_70" time="0.476"/>
  <testcase classname="edu.uclm.esi.iso2.multas.TestMultas" name="test135_80" time="0.595"/>
  <testcase classname="edu.uclm.esi.iso2.multas.TestMultas" name="test140_60" time="0.687"/>
  <testcase classname="edu.uclm.esi.iso2.multas.TestMultas" name="test140_70" time="0.396"/>
  <testcase classname="edu.uclm.esi.iso2.multas.TestMultas" name="test140_80" time="0.371"/>
  <testcase classname="edu.uclm.esi.iso2.multas.TestMultas" name="test140_90" time="0.416"/>
  <testcase classname="edu.uclm.esi.iso2.multas.TestMultas" name="test141_70" time="0.456"/>
  <testcase classname="edu.uclm.esi.iso2.multas.TestMultas" name="test141_80" time="0.428"/>
  <testcase classname="edu.uclm.esi.iso2.multas.TestMultas" name="test141_90" time="0.466"/>
  <testcase classname="edu.uclm.esi.iso2.multas.TestMultas" name="test145_80" time="0.692"/>
  <testcase classname="edu.uclm.esi.iso2.multas.TestMultas" name="test145_90" time="0.289"/>
  <testcase classname="edu.uclm.esi.iso2.multas.TestMultas" name="test150_70" time="0.401"/>
  <testcase classname="edu.uclm.esi.iso2.multas.TestMultas" name="test150_80" time="0.35"/>
  <testcase classname="edu.uclm.esi.iso2.multas.TestMultas" name="test150_90" time="0.517"/>
  <testcase classname="edu.uclm.esi.iso2.multas.TestMultas" name="test151_80" time="0.356"/>
  <testcase classname="edu.uclm.esi.iso2.multas.TestMultas" name="test151_90" time="0.518"/>
  <testcase classname="edu.uclm.esi.iso2.multas.TestMultas" name="test155_90" time="0.441"/>
  <testcase classname="edu.uclm.esi.iso2.multas.TestMultas" name="test160_80" time="0.741"/>
  <testcase classname="edu.uclm.esi.iso2.multas.TestMultas" name="test160_90" time="0.342"/>
  <testcase classname="edu.uclm.esi.iso2.multas.TestMultas" name="test161_90" time="0.331"/>
  <testcase classname="edu.uclm.esi.iso2.multas.TestMultas" name="test170_90" time="0.377"/>
  <testcase classname="edu.uclm.esi.iso2.multas.TestMultas" name="test200_120" time="0.361"/>
  <testcase classname="edu.uclm.esi.iso2.multas.TestMultas" name="testDatosRelacionInquirySanctionCorrectos" time="0.318"/>
</testsuite>